D:\VISUAL C++\HALLOWELT\DEBUG\KAPITEL 4.EXE
D:\VISUAL C++\HALLOWELT\DEBUG\KAPITEL 4.ILK
D:\VISUAL C++\HALLOWELT\DEBUG\KAPITEL 4.PDB
D:\Visual C++\HalloWelt\Kapitel 4\Debug\cl.command.1.tlog
D:\Visual C++\HalloWelt\Kapitel 4\Debug\CL.read.1.tlog
D:\Visual C++\HalloWelt\Kapitel 4\Debug\CL.write.1.tlog
D:\VISUAL C++\HALLOWELT\KAPITEL 4\DEBUG\GRAD-FAHRENHEIT_UMRECHNER.OBJ
D:\VISUAL C++\HALLOWELT\KAPITEL 4\DEBUG\KAPITEL 4.EXE.EMBED.MANIFEST
D:\VISUAL C++\HALLOWELT\KAPITEL 4\DEBUG\KAPITEL 4.EXE.EMBED.MANIFEST.RES
D:\VISUAL C++\HALLOWELT\KAPITEL 4\DEBUG\KAPITEL 4.EXE.INTERMEDIATE.MANIFEST
D:\Visual C++\HalloWelt\Kapitel 4\Debug\Kapitel 4.vcxprojResolveAssemblyReference.cache
D:\Visual C++\HalloWelt\Kapitel 4\Debug\Kapitel 4.write.1.tlog
D:\Visual C++\HalloWelt\Kapitel 4\Debug\Kapitel 4_manifest.rc
D:\Visual C++\HalloWelt\Kapitel 4\Debug\link.1520.read.1.tlog
D:\Visual C++\HalloWelt\Kapitel 4\Debug\link.1520.write.1.tlog
D:\Visual C++\HalloWelt\Kapitel 4\Debug\link.1520-cvtres.read.1.tlog
D:\Visual C++\HalloWelt\Kapitel 4\Debug\link.1520-cvtres.write.1.tlog
D:\Visual C++\HalloWelt\Kapitel 4\Debug\link.3092.read.1.tlog
D:\Visual C++\HalloWelt\Kapitel 4\Debug\link.3092.write.1.tlog
D:\Visual C++\HalloWelt\Kapitel 4\Debug\link.3092-cvtres.read.1.tlog
D:\Visual C++\HalloWelt\Kapitel 4\Debug\link.3092-cvtres.write.1.tlog
D:\Visual C++\HalloWelt\Kapitel 4\Debug\link.3644.read.1.tlog
D:\Visual C++\HalloWelt\Kapitel 4\Debug\link.3644.write.1.tlog
D:\Visual C++\HalloWelt\Kapitel 4\Debug\link.3644-cvtres.read.1.tlog
D:\Visual C++\HalloWelt\Kapitel 4\Debug\link.3644-cvtres.write.1.tlog
D:\Visual C++\HalloWelt\Kapitel 4\Debug\link.7548.read.1.tlog
D:\Visual C++\HalloWelt\Kapitel 4\Debug\link.7548.write.1.tlog
D:\Visual C++\HalloWelt\Kapitel 4\Debug\link.7548-cvtres.read.1.tlog
D:\Visual C++\HalloWelt\Kapitel 4\Debug\link.7548-cvtres.write.1.tlog
D:\Visual C++\HalloWelt\Kapitel 4\Debug\link.command.1.tlog
D:\Visual C++\HalloWelt\Kapitel 4\Debug\link.read.1.tlog
D:\Visual C++\HalloWelt\Kapitel 4\Debug\link.write.1.tlog
D:\Visual C++\HalloWelt\Kapitel 4\Debug\link-cvtres.read.1.tlog
D:\Visual C++\HalloWelt\Kapitel 4\Debug\link-cvtres.write.1.tlog
D:\Visual C++\HalloWelt\Kapitel 4\Debug\mt.command.1.tlog
D:\Visual C++\HalloWelt\Kapitel 4\Debug\mt.read.1.tlog
D:\Visual C++\HalloWelt\Kapitel 4\Debug\mt.write.1.tlog
D:\Visual C++\HalloWelt\Kapitel 4\Debug\rc.command.1.tlog
D:\Visual C++\HalloWelt\Kapitel 4\Debug\rc.read.1.tlog
D:\Visual C++\HalloWelt\Kapitel 4\Debug\rc.write.1.tlog
D:\VISUAL C++\HALLOWELT\KAPITEL 4\DEBUG\ÜBUNG_INT-DIVISION.OBJ
D:\Visual C++\HalloWelt\Kapitel 4\Debug\vc100.idb
D:\VISUAL C++\HALLOWELT\KAPITEL 4\DEBUG\VC100.PDB
