Der Buildvorgang wurde am 11.04.2017 23:08:00 gestartet.
     1>Projekt "D:\Visual C++\kik programm\kik programm\kik programm.vcxproj" auf Knoten "2", build Ziel(e).
     1>InitializeBuildStatus:
         "Debug\kik programm.unsuccessfulbuild" wird erstellt, da "AlwaysCreate" angegeben wurde.
       ClCompile:
         C:\Program Files (x86)\Microsoft Visual Studio 10.0\VC\bin\CL.exe /c /ZI /nologo /W3 /WX- /Od /Oy- /D WIN32 /D _DEBUG /D _CONSOLE /D _UNICODE /D UNICODE /Gm /EHsc /RTC1 /MDd /GS /fp:precise /Zc:wchar_t /Zc:forScope /Fo"Debug\\" /Fd"Debug\vc100.pdb" /Gd /TP /analyze- /errorReport:prompt main.cpp
         main.cpp
     1>d:\visual c++\kik programm\kik programm\main.cpp(30): warning C4018: '<': Konflikt zwischen 'signed' und 'unsigned'
     1>d:\visual c++\kik programm\kik programm\main.cpp(110): warning C4018: '<': Konflikt zwischen 'signed' und 'unsigned'
     1>d:\visual c++\kik programm\kik programm\main.cpp(110): warning C4018: '<': Konflikt zwischen 'signed' und 'unsigned'
     1>d:\visual c++\kik programm\kik programm\main.cpp(124): warning C4018: '>': Konflikt zwischen 'signed' und 'unsigned'
     1>d:\visual c++\kik programm\kik programm\main.cpp(124): warning C4018: '>': Konflikt zwischen 'signed' und 'unsigned'
     1>d:\visual c++\kik programm\kik programm\main.cpp(321): warning C4244: 'Argument': Konvertierung von 'double' in 'int', möglicher Datenverlust
     1>d:\visual c++\kik programm\kik programm\main.cpp(327): warning C4101: 'ending': Unreferenzierte lokale Variable
     1>d:\visual c++\kik programm\kik programm\main.cpp(329): warning C4101: 'tmp': Unreferenzierte lokale Variable
     1>d:\visual c++\kik programm\kik programm\main.cpp(327): warning C4101: 'start': Unreferenzierte lokale Variable
     1>d:\visual c++\kik programm\kik programm\main.cpp(328): warning C4101: 'diff': Unreferenzierte lokale Variable
       ManifestResourceCompile:
         Alle Ausgaben sind aktuell.
       Link:
         C:\Program Files (x86)\Microsoft Visual Studio 10.0\VC\bin\link.exe /ERRORREPORT:PROMPT /OUT:"D:\Visual C++\kik programm\Debug\kik programm.exe" /INCREMENTAL /NOLOGO kernel32.lib user32.lib gdi32.lib winspool.lib comdlg32.lib advapi32.lib shell32.lib ole32.lib oleaut32.lib uuid.lib odbc32.lib odbccp32.lib /MANIFEST /ManifestFile:"Debug\kik programm.exe.intermediate.manifest" /MANIFESTUAC:"level='asInvoker' uiAccess='false'" /DEBUG /PDB:"D:\Visual C++\kik programm\Debug\kik programm.pdb" /SUBSYSTEM:CONSOLE /TLBID:1 /DYNAMICBASE /NXCOMPAT /IMPLIB:"D:\Visual C++\kik programm\Debug\kik programm.lib" /MACHINE:X86 "Debug\kik programm.exe.embed.manifest.res"
         Debug\main.obj
       Manifest:
         C:\Program Files (x86)\Microsoft SDKs\Windows\v7.0A\bin\mt.exe /nologo /verbose /out:"Debug\kik programm.exe.embed.manifest" /manifest "Debug\kik programm.exe.intermediate.manifest"
         Alle Ausgaben sind aktuell.
       LinkEmbedManifest:
         Alle Ausgaben sind aktuell.
         kik programm.vcxproj -> D:\Visual C++\kik programm\Debug\kik programm.exe
       FinalizeBuildStatus:
         Die Datei "Debug\kik programm.unsuccessfulbuild" wird gelöscht.
         Aktualisieren des Timestamps von "Debug\kik programm.lastbuildstate".
     1>Die Erstellung des Projekts "D:\Visual C++\kik programm\kik programm\kik programm.vcxproj" ist abgeschlossen, build Ziel(e).

Das Erstellen war erfolgreich.

Verstrichene Zeit 00:00:01.02
