Der Buildvorgang wurde am 14.02.2016 04:13:48 gestartet.
     1>Projekt "D:\Visual C++\HalloWelt\sudokusolverVONinternet\sudokusolverVONinternet.vcxproj" auf Knoten "2", build Ziel(e).
     1>InitializeBuildStatus:
         "Debug\sudokusolverVONinternet.unsuccessfulbuild" wird erstellt, da "AlwaysCreate" angegeben wurde.
       ClCompile:
         C:\Program Files (x86)\Microsoft Visual Studio 10.0\VC\bin\CL.exe /c /ZI /nologo /W3 /WX- /Od /Oy- /D WIN32 /D _DEBUG /D _CONSOLE /D _UNICODE /D UNICODE /Gm /EHsc /RTC1 /MDd /GS /fp:precise /Zc:wchar_t /Zc:forScope /Fo"Debug\\" /Fd"Debug\vc100.pdb" /Gd /TP /analyze- /errorReport:prompt ss.cpp
         ss.cpp
       ManifestResourceCompile:
         Alle Ausgaben sind aktuell.
       Link:
         C:\Program Files (x86)\Microsoft Visual Studio 10.0\VC\bin\link.exe /ERRORREPORT:PROMPT /OUT:"D:\Visual C++\HalloWelt\Debug\sudokusolverVONinternet.exe" /INCREMENTAL /NOLOGO kernel32.lib user32.lib gdi32.lib winspool.lib comdlg32.lib advapi32.lib shell32.lib ole32.lib oleaut32.lib uuid.lib odbc32.lib odbccp32.lib /MANIFEST /ManifestFile:"Debug\sudokusolverVONinternet.exe.intermediate.manifest" /MANIFESTUAC:"level='asInvoker' uiAccess='false'" /DEBUG /PDB:"D:\Visual C++\HalloWelt\Debug\sudokusolverVONinternet.pdb" /SUBSYSTEM:CONSOLE /TLBID:1 /DYNAMICBASE /NXCOMPAT /IMPLIB:"D:\Visual C++\HalloWelt\Debug\sudokusolverVONinternet.lib" /MACHINE:X86 Debug\sudokusolverVONinternet.exe.embed.manifest.res
         Debug\ss.obj
       Manifest:
         C:\Program Files (x86)\Microsoft SDKs\Windows\v7.0A\bin\mt.exe /nologo /verbose /out:"Debug\sudokusolverVONinternet.exe.embed.manifest" /manifest Debug\sudokusolverVONinternet.exe.intermediate.manifest
         Alle Ausgaben sind aktuell.
       LinkEmbedManifest:
         Alle Ausgaben sind aktuell.
         sudokusolverVONinternet.vcxproj -> D:\Visual C++\HalloWelt\Debug\sudokusolverVONinternet.exe
       FinalizeBuildStatus:
         Die Datei "Debug\sudokusolverVONinternet.unsuccessfulbuild" wird gelöscht.
         Aktualisieren des Timestamps von "Debug\sudokusolverVONinternet.lastbuildstate".
     1>Die Erstellung des Projekts "D:\Visual C++\HalloWelt\sudokusolverVONinternet\sudokusolverVONinternet.vcxproj" ist abgeschlossen, build Ziel(e).

Das Erstellen war erfolgreich.

Verstrichene Zeit 00:00:00.50
