Der Buildvorgang wurde am 25.08.2016 19:26:55 gestartet.
     1>Projekt "D:\Visual C++\HalloWelt\Kapitel 17.3\Kapitel 17.3.vcxproj" auf Knoten "2", build Ziel(e).
     1>InitializeBuildStatus:
         Aktualisieren des Timestamps von "Debug\Kapitel 17.3.unsuccessfulbuild".
       ClCompile:
         C:\Program Files (x86)\Microsoft Visual Studio 10.0\VC\bin\CL.exe /c /ZI /nologo /W3 /WX- /Od /Oy- /D WIN32 /D _DEBUG /D _CONSOLE /D _UNICODE /D UNICODE /Gm /EHsc /RTC1 /MDd /GS /fp:precise /Zc:wchar_t /Zc:forScope /Fo"Debug\\" /Fd"Debug\vc100.pdb" /Gd /TP /analyze- /errorReport:prompt class_Vektor.cpp
         class_Vektor.cpp
       ManifestResourceCompile:
         Alle Ausgaben sind aktuell.
       Link:
         C:\Program Files (x86)\Microsoft Visual Studio 10.0\VC\bin\link.exe /ERRORREPORT:PROMPT /OUT:"D:\Visual C++\HalloWelt\Debug\Kapitel 17.3.exe" /INCREMENTAL /NOLOGO kernel32.lib user32.lib gdi32.lib winspool.lib comdlg32.lib advapi32.lib shell32.lib ole32.lib oleaut32.lib uuid.lib odbc32.lib odbccp32.lib /MANIFEST /ManifestFile:"Debug\Kapitel 17.3.exe.intermediate.manifest" /MANIFESTUAC:"level='asInvoker' uiAccess='false'" /DEBUG /PDB:"D:\Visual C++\HalloWelt\Debug\Kapitel 17.3.pdb" /SUBSYSTEM:CONSOLE /TLBID:1 /DYNAMICBASE /NXCOMPAT /IMPLIB:"D:\Visual C++\HalloWelt\Debug\Kapitel 17.3.lib" /MACHINE:X86 "Debug\Kapitel 17.3.exe.embed.manifest.res"
         "Debug\main().obj"
         Debug\class_Vektor.obj
       Manifest:
         C:\Program Files (x86)\Microsoft SDKs\Windows\v7.0A\bin\mt.exe /nologo /verbose /out:"Debug\Kapitel 17.3.exe.embed.manifest" /manifest "Debug\Kapitel 17.3.exe.intermediate.manifest"
         Alle Ausgaben sind aktuell.
       LinkEmbedManifest:
         Alle Ausgaben sind aktuell.
         Kapitel 17.3.vcxproj -> D:\Visual C++\HalloWelt\Debug\Kapitel 17.3.exe
       FinalizeBuildStatus:
         Die Datei "Debug\Kapitel 17.3.unsuccessfulbuild" wird gelöscht.
         Aktualisieren des Timestamps von "Debug\Kapitel 17.3.lastbuildstate".
     1>Die Erstellung des Projekts "D:\Visual C++\HalloWelt\Kapitel 17.3\Kapitel 17.3.vcxproj" ist abgeschlossen, build Ziel(e).

Das Erstellen war erfolgreich.

Verstrichene Zeit 00:00:00.83
