Der Buildvorgang wurde am 09.02.2016 14:01:34 gestartet.
     1>Projekt "D:\Visual C++\HalloWelt\Kapitel12\Kapitel12.vcxproj" auf Knoten "3", build Ziel(e).
     1>InitializeBuildStatus:
         "Debug\Kapitel12.unsuccessfulbuild" wird erstellt, da "AlwaysCreate" angegeben wurde.
       ClCompile:
         C:\Program Files (x86)\Microsoft Visual Studio 10.0\VC\bin\CL.exe /c /ZI /nologo /W3 /WX- /Od /Oy- /D WIN32 /D _DEBUG /D _CONSOLE /D _UNICODE /D UNICODE /Gm /EHsc /RTC1 /MDd /GS /fp:precise /Zc:wchar_t /Zc:forScope /Fo"Debug\\" /Fd"Debug\vc100.pdb" /Gd /TP /analyze- /errorReport:prompt "STringINt-Umwandlung.cpp"
         STringINt-Umwandlung.cpp
       ManifestResourceCompile:
         Alle Ausgaben sind aktuell.
       Link:
         C:\Program Files (x86)\Microsoft Visual Studio 10.0\VC\bin\link.exe /ERRORREPORT:PROMPT /OUT:"D:\Visual C++\HalloWelt\Debug\Kapitel12.exe" /INCREMENTAL /NOLOGO kernel32.lib user32.lib gdi32.lib winspool.lib comdlg32.lib advapi32.lib shell32.lib ole32.lib oleaut32.lib uuid.lib odbc32.lib odbccp32.lib /MANIFEST /ManifestFile:"Debug\Kapitel12.exe.intermediate.manifest" /MANIFESTUAC:"level='asInvoker' uiAccess='false'" /DEBUG /PDB:"D:\Visual C++\HalloWelt\Debug\Kapitel12.pdb" /SUBSYSTEM:CONSOLE /TLBID:1 /DYNAMICBASE /NXCOMPAT /IMPLIB:"D:\Visual C++\HalloWelt\Debug\Kapitel12.lib" /MACHINE:X86 Debug\Kapitel12.exe.embed.manifest.res
         "Debug\STringINt-Umwandlung.obj"
       Manifest:
         C:\Program Files (x86)\Microsoft SDKs\Windows\v7.0A\bin\mt.exe /nologo /verbose /out:"Debug\Kapitel12.exe.embed.manifest" /manifest Debug\Kapitel12.exe.intermediate.manifest
         Alle Ausgaben sind aktuell.
       LinkEmbedManifest:
         Alle Ausgaben sind aktuell.
         Kapitel12.vcxproj -> D:\Visual C++\HalloWelt\Debug\Kapitel12.exe
       FinalizeBuildStatus:
         Die Datei "Debug\Kapitel12.unsuccessfulbuild" wird gelöscht.
         Aktualisieren des Timestamps von "Debug\Kapitel12.lastbuildstate".
     1>Die Erstellung des Projekts "D:\Visual C++\HalloWelt\Kapitel12\Kapitel12.vcxproj" ist abgeschlossen, build Ziel(e).

Das Erstellen war erfolgreich.

Verstrichene Zeit 00:00:01.41
