D:\VISUAL C++\SUMITUP\DEBUG\SUMITUP.EXE
D:\VISUAL C++\SUMITUP\DEBUG\SUMITUP.ILK
D:\VISUAL C++\SUMITUP\DEBUG\SUMITUP.PDB
D:\Visual C++\SumItUp\SumItUp\Debug\cl.command.1.tlog
D:\Visual C++\SumItUp\SumItUp\Debug\CL.read.1.tlog
D:\Visual C++\SumItUp\SumItUp\Debug\CL.write.1.tlog
D:\Visual C++\SumItUp\SumItUp\Debug\link.10972.read.1.tlog
D:\Visual C++\SumItUp\SumItUp\Debug\link.10972.write.1.tlog
D:\Visual C++\SumItUp\SumItUp\Debug\link.10972-cvtres.read.1.tlog
D:\Visual C++\SumItUp\SumItUp\Debug\link.10972-cvtres.write.1.tlog
D:\Visual C++\SumItUp\SumItUp\Debug\link.1240.read.1.tlog
D:\Visual C++\SumItUp\SumItUp\Debug\link.1240.write.1.tlog
D:\Visual C++\SumItUp\SumItUp\Debug\link.1240-cvtres.read.1.tlog
D:\Visual C++\SumItUp\SumItUp\Debug\link.1240-cvtres.write.1.tlog
D:\Visual C++\SumItUp\SumItUp\Debug\link.1664.read.1.tlog
D:\Visual C++\SumItUp\SumItUp\Debug\link.1664.write.1.tlog
D:\Visual C++\SumItUp\SumItUp\Debug\link.1664-cvtres.read.1.tlog
D:\Visual C++\SumItUp\SumItUp\Debug\link.1664-cvtres.write.1.tlog
D:\Visual C++\SumItUp\SumItUp\Debug\link.3328.read.1.tlog
D:\Visual C++\SumItUp\SumItUp\Debug\link.3328.write.1.tlog
D:\Visual C++\SumItUp\SumItUp\Debug\link.3328-cvtres.read.1.tlog
D:\Visual C++\SumItUp\SumItUp\Debug\link.3328-cvtres.write.1.tlog
D:\Visual C++\SumItUp\SumItUp\Debug\link.6732.read.1.tlog
D:\Visual C++\SumItUp\SumItUp\Debug\link.6732.write.1.tlog
D:\Visual C++\SumItUp\SumItUp\Debug\link.6732-cvtres.read.1.tlog
D:\Visual C++\SumItUp\SumItUp\Debug\link.6732-cvtres.write.1.tlog
D:\Visual C++\SumItUp\SumItUp\Debug\link.7684.read.1.tlog
D:\Visual C++\SumItUp\SumItUp\Debug\link.7684.write.1.tlog
D:\Visual C++\SumItUp\SumItUp\Debug\link.7684-cvtres.read.1.tlog
D:\Visual C++\SumItUp\SumItUp\Debug\link.7684-cvtres.write.1.tlog
D:\Visual C++\SumItUp\SumItUp\Debug\link.84.read.1.tlog
D:\Visual C++\SumItUp\SumItUp\Debug\link.84.write.1.tlog
D:\Visual C++\SumItUp\SumItUp\Debug\link.84-cvtres.read.1.tlog
D:\Visual C++\SumItUp\SumItUp\Debug\link.84-cvtres.write.1.tlog
D:\Visual C++\SumItUp\SumItUp\Debug\link.8912.read.1.tlog
D:\Visual C++\SumItUp\SumItUp\Debug\link.8912.write.1.tlog
D:\Visual C++\SumItUp\SumItUp\Debug\link.8912-cvtres.read.1.tlog
D:\Visual C++\SumItUp\SumItUp\Debug\link.8912-cvtres.write.1.tlog
D:\Visual C++\SumItUp\SumItUp\Debug\link.9052.read.1.tlog
D:\Visual C++\SumItUp\SumItUp\Debug\link.9052.write.1.tlog
D:\Visual C++\SumItUp\SumItUp\Debug\link.9052-cvtres.read.1.tlog
D:\Visual C++\SumItUp\SumItUp\Debug\link.9052-cvtres.write.1.tlog
D:\Visual C++\SumItUp\SumItUp\Debug\link.9672.read.1.tlog
D:\Visual C++\SumItUp\SumItUp\Debug\link.9672.write.1.tlog
D:\Visual C++\SumItUp\SumItUp\Debug\link.9672-cvtres.read.1.tlog
D:\Visual C++\SumItUp\SumItUp\Debug\link.9672-cvtres.write.1.tlog
D:\Visual C++\SumItUp\SumItUp\Debug\link.command.1.tlog
D:\Visual C++\SumItUp\SumItUp\Debug\link.read.1.tlog
D:\Visual C++\SumItUp\SumItUp\Debug\link.write.1.tlog
D:\Visual C++\SumItUp\SumItUp\Debug\link-cvtres.read.1.tlog
D:\Visual C++\SumItUp\SumItUp\Debug\link-cvtres.write.1.tlog
D:\Visual C++\SumItUp\SumItUp\Debug\mt.command.1.tlog
D:\Visual C++\SumItUp\SumItUp\Debug\mt.read.1.tlog
D:\Visual C++\SumItUp\SumItUp\Debug\mt.write.1.tlog
D:\Visual C++\SumItUp\SumItUp\Debug\rc.command.1.tlog
D:\Visual C++\SumItUp\SumItUp\Debug\rc.read.1.tlog
D:\Visual C++\SumItUp\SumItUp\Debug\rc.write.1.tlog
D:\VISUAL C++\SUMITUP\SUMITUP\DEBUG\SUMITUP.EXE.EMBED.MANIFEST
D:\VISUAL C++\SUMITUP\SUMITUP\DEBUG\SUMITUP.EXE.EMBED.MANIFEST.RES
D:\VISUAL C++\SUMITUP\SUMITUP\DEBUG\SUMITUP.EXE.INTERMEDIATE.MANIFEST
D:\VISUAL C++\SUMITUP\SUMITUP\DEBUG\SUMITUP.OBJ
D:\Visual C++\SumItUp\SumItUp\Debug\SumItUp.vcxprojResolveAssemblyReference.cache
D:\Visual C++\SumItUp\SumItUp\Debug\SumItUp.write.1.tlog
D:\Visual C++\SumItUp\SumItUp\Debug\SumItUp_manifest.rc
D:\Visual C++\SumItUp\SumItUp\Debug\vc100.idb
D:\VISUAL C++\SUMITUP\SUMITUP\DEBUG\VC100.PDB
