Der Buildvorgang wurde am 02.06.2017 23:09:48 gestartet.
     1>Projekt "D:\Visual C++\Chatten\Chatten\Chatten.vcxproj" auf Knoten "2", build Ziel(e).
     1>InitializeBuildStatus:
         "Debug\Chatten.unsuccessfulbuild" wird erstellt, da "AlwaysCreate" angegeben wurde.
       ClCompile:
         C:\Program Files (x86)\Microsoft Visual Studio 10.0\VC\bin\CL.exe /c /ZI /nologo /W3 /WX- /Od /Oy- /D WIN32 /D _DEBUG /D _CONSOLE /D _UNICODE /D UNICODE /Gm /EHsc /RTC1 /MDd /GS /fp:precise /Zc:wchar_t /Zc:forScope /Fo"Debug\\" /Fd"Debug\vc100.pdb" /Gd /TP /analyze- /errorReport:prompt HIER_IST_DAS_PROGRAMM.cpp
         HIER_IST_DAS_PROGRAMM.cpp
       ManifestResourceCompile:
         Alle Ausgaben sind aktuell.
       Link:
         C:\Program Files (x86)\Microsoft Visual Studio 10.0\VC\bin\link.exe /ERRORREPORT:PROMPT /OUT:"D:\Visual C++\Chatten\Debug\Chatten.exe" /INCREMENTAL /NOLOGO kernel32.lib user32.lib gdi32.lib winspool.lib comdlg32.lib advapi32.lib shell32.lib ole32.lib oleaut32.lib uuid.lib odbc32.lib odbccp32.lib /MANIFEST /ManifestFile:"Debug\Chatten.exe.intermediate.manifest" /MANIFESTUAC:"level='asInvoker' uiAccess='false'" /DEBUG /PDB:"D:\Visual C++\Chatten\Debug\Chatten.pdb" /SUBSYSTEM:CONSOLE /TLBID:1 /DYNAMICBASE /NXCOMPAT /IMPLIB:"D:\Visual C++\Chatten\Debug\Chatten.lib" /MACHINE:X86 Debug\Chatten.exe.embed.manifest.res
         Debug\Chatten.obj
         Debug\HIER_IST_DAS_PROGRAMM.obj
       Manifest:
         C:\Program Files (x86)\Microsoft SDKs\Windows\v7.0A\bin\mt.exe /nologo /verbose /out:"Debug\Chatten.exe.embed.manifest" /manifest Debug\Chatten.exe.intermediate.manifest
         Alle Ausgaben sind aktuell.
       LinkEmbedManifest:
         Alle Ausgaben sind aktuell.
         Chatten.vcxproj -> D:\Visual C++\Chatten\Debug\Chatten.exe
       FinalizeBuildStatus:
         Die Datei "Debug\Chatten.unsuccessfulbuild" wird gelöscht.
         Aktualisieren des Timestamps von "Debug\Chatten.lastbuildstate".
     1>Die Erstellung des Projekts "D:\Visual C++\Chatten\Chatten\Chatten.vcxproj" ist abgeschlossen, build Ziel(e).

Das Erstellen war erfolgreich.

Verstrichene Zeit 00:00:07.38
