Der Buildvorgang wurde am 25.08.2016 18:41:46 gestartet.
     1>Projekt "D:\Visual C++\HalloWelt\Kapitel7.2\Kapitel7.2.vcxproj" auf Knoten "2", build Ziel(e).
     1>InitializeBuildStatus:
         "Debug\Kapitel7.2.unsuccessfulbuild" wird erstellt, da "AlwaysCreate" angegeben wurde.
       ClCompile:
         C:\Program Files (x86)\Microsoft Visual Studio 10.0\VC\bin\CL.exe /c /ZI /nologo /W3 /WX- /Od /Oy- /D WIN32 /D _DEBUG /D _CONSOLE /D _UNICODE /D UNICODE /Gm /EHsc /RTC1 /MDd /GS /fp:precise /Zc:wchar_t /Zc:forScope /Fo"Debug\\" /Fd"Debug\vc100.pdb" /Gd /TP /analyze- /errorReport:prompt "32 Potenzen von 2.cpp"
         32 Potenzen von 2.cpp
     1>d:\visual c++\hallowelt\kapitel7.2\32 potenzen von 2.cpp(27): warning C4244: '=': Konvertierung von 'double' in '__int64', möglicher Datenverlust
       ManifestResourceCompile:
         Alle Ausgaben sind aktuell.
       Link:
         C:\Program Files (x86)\Microsoft Visual Studio 10.0\VC\bin\link.exe /ERRORREPORT:PROMPT /OUT:"D:\Visual C++\HalloWelt\Debug\Kapitel7.2.exe" /INCREMENTAL /NOLOGO kernel32.lib user32.lib gdi32.lib winspool.lib comdlg32.lib advapi32.lib shell32.lib ole32.lib oleaut32.lib uuid.lib odbc32.lib odbccp32.lib /MANIFEST /ManifestFile:"Debug\Kapitel7.2.exe.intermediate.manifest" /MANIFESTUAC:"level='asInvoker' uiAccess='false'" /DEBUG /PDB:"D:\Visual C++\HalloWelt\Debug\Kapitel7.2.pdb" /SUBSYSTEM:CONSOLE /TLBID:1 /DYNAMICBASE /NXCOMPAT /IMPLIB:"D:\Visual C++\HalloWelt\Debug\Kapitel7.2.lib" /MACHINE:X86 Debug\Kapitel7.2.exe.embed.manifest.res
         "Debug\32 Potenzen von 2.obj"
       Manifest:
         C:\Program Files (x86)\Microsoft SDKs\Windows\v7.0A\bin\mt.exe /nologo /verbose /out:"Debug\Kapitel7.2.exe.embed.manifest" /manifest Debug\Kapitel7.2.exe.intermediate.manifest
         Alle Ausgaben sind aktuell.
       LinkEmbedManifest:
         Alle Ausgaben sind aktuell.
         Kapitel7.2.vcxproj -> D:\Visual C++\HalloWelt\Debug\Kapitel7.2.exe
       FinalizeBuildStatus:
         Die Datei "Debug\Kapitel7.2.unsuccessfulbuild" wird gelöscht.
         Aktualisieren des Timestamps von "Debug\Kapitel7.2.lastbuildstate".
     1>Die Erstellung des Projekts "D:\Visual C++\HalloWelt\Kapitel7.2\Kapitel7.2.vcxproj" ist abgeschlossen, build Ziel(e).

Das Erstellen war erfolgreich.

Verstrichene Zeit 00:00:04.88
